<?xml version="1.0" encoding="UTF-8"?>
<testng-results skipped="0" failed="0" ignored="0" total="1" passed="1">
  <reporter-output>
  </reporter-output>
  <suite name="inetBankingGuru" duration-ms="22251" started-at="2020-04-13T18:25:38 IST" finished-at="2020-04-13T18:26:01 IST">
    <groups>
    </groups>
    <test name="Banking App Test Guru" duration-ms="22251" started-at="2020-04-13T18:25:38 IST" finished-at="2020-04-13T18:26:01 IST">
      <class name="com.iNetBankingGuru.TestCases.TC001">
        <test-method status="PASS" signature="setup(java.lang.String)[pri:0, instance:com.iNetBankingGuru.TestCases.TC001@17579e0f]" name="setup" is-config="true" duration-ms="16840" started-at="2020-04-13T18:25:38 IST" finished-at="2020-04-13T18:25:55 IST">
          <params>
            <param index="0">
              <value>
                <![CDATA[chrome]]>
              </value>
            </param>
          </params>
          <reporter-output>
          </reporter-output>
        </test-method> <!-- setup -->
        <test-method status="PASS" signature="logintest()[pri:0, instance:com.iNetBankingGuru.TestCases.TC001@17579e0f]" name="logintest" duration-ms="4623" started-at="2020-04-13T18:25:55 IST" finished-at="2020-04-13T18:26:00 IST">
          <reporter-output>
          </reporter-output>
        </test-method> <!-- logintest -->
        <test-method status="PASS" signature="teardown()[pri:0, instance:com.iNetBankingGuru.TestCases.TC001@17579e0f]" name="teardown" is-config="true" duration-ms="671" started-at="2020-04-13T18:26:00 IST" finished-at="2020-04-13T18:26:01 IST">
          <reporter-output>
          </reporter-output>
        </test-method> <!-- teardown -->
      </class> <!-- com.iNetBankingGuru.TestCases.TC001 -->
    </test> <!-- Banking App Test Guru -->
  </suite> <!-- inetBankingGuru -->
</testng-results>
